2023-06-25 18:54:18 INFO     Saving logs in: ./logs/RANS/06_25/MLP_18_54_18
2023-06-25 18:54:18 INFO     Loading RANS dataset
2023-06-25 18:54:22 INFO     Loading data costs  3.97s
2023-06-25 18:54:22 INFO     Building models
2023-06-25 18:54:22 INFO     Building models costs  0.02s
2023-06-25 18:54:22 INFO     Start training
2023-06-25 18:54:38 INFO     Epoch 0 | average train loss: 0.0045 | lr: 0.001000
2023-06-25 18:54:54 INFO     Epoch 0 | valid loss: 0.0041 | valid metrics: MAE: 0.0041 | MAPE: 616653520896.0000 | RMSE: 0.0078 | R2: -154.60% | Time: 16.04s
2023-06-25 18:55:09 INFO     Epoch 1 | average train loss: 0.0041 | lr: 0.001000
2023-06-25 18:55:24 INFO     Epoch 1 | valid loss: 0.0041 | valid metrics: MAE: 0.0041 | MAPE: 580652236800.0000 | RMSE: 0.0078 | R2: -291.34% | Time: 15.74s
2023-06-25 18:55:39 INFO     Epoch 2 | average train loss: 0.0041 | lr: 0.001000
2023-06-25 18:55:55 INFO     Epoch 2 | valid loss: 0.0041 | valid metrics: MAE: 0.0041 | MAPE: 467089915904.0000 | RMSE: 0.0079 | R2: -9.33% | Time: 15.82s
2023-06-25 18:56:09 INFO     Epoch 3 | average train loss: 0.0041 | lr: 0.001000
2023-06-25 18:56:25 INFO     Epoch 3 | valid loss: 0.0041 | valid metrics: MAE: 0.0041 | MAPE: 455747829760.0000 | RMSE: 0.0078 | R2: -39.88% | Time: 15.71s
2023-06-25 18:56:39 INFO     Epoch 4 | average train loss: 0.0041 | lr: 0.001000
2023-06-25 18:56:55 INFO     Epoch 4 | valid loss: 0.0041 | valid metrics: MAE: 0.0041 | MAPE: 627100090368.0000 | RMSE: 0.0078 | R2: -49.89% | Time: 15.87s
2023-06-25 18:56:55 INFO     Epoch 4 | save best models in ./logs/RANS/06_25/MLP_18_54_18
2023-06-25 18:57:09 INFO     Epoch 5 | average train loss: 0.0041 | lr: 0.001000
2023-06-25 18:57:25 INFO     Epoch 5 | valid loss: 0.0041 | valid metrics: MAE: 0.0041 | MAPE: 392433369088.0000 | RMSE: 0.0079 | R2: 24.63% | Time: 16.00s
2023-06-25 18:57:40 INFO     Epoch 6 | average train loss: 0.0041 | lr: 0.001000
2023-06-25 18:57:56 INFO     Epoch 6 | valid loss: 0.0041 | valid metrics: MAE: 0.0041 | MAPE: 467797180416.0000 | RMSE: 0.0078 | R2: -11.82% | Time: 15.88s
2023-06-25 18:58:10 INFO     Epoch 7 | average train loss: 0.0040 | lr: 0.001000
